<?xml version="1.0" encoding="UTF-8"?>
<testng-results ignored="0" total="2" passed="2" failed="0" skipped="0">
  <reporter-output>
  </reporter-output>
  <suite started-at="2023-11-11T18:01:33 IST" name="Default suite" finished-at="2023-11-11T18:01:34 IST" duration-ms="1219">
    <groups>
    </groups>
    <test started-at="2023-11-11T18:01:33 IST" name="Default test" finished-at="2023-11-11T18:01:34 IST" duration-ms="1219">
      <class name="dataProvide">
        <test-method signature="testCaseData(java.lang.String,java.lang.String,java.lang.String)[pri:0, instance:dataProvide@72c8e7b]" started-at="2023-11-11T18:01:34 IST" name="testCaseData" data-provider="getData" finished-at="2023-11-11T18:01:34 IST" duration-ms="9" status="PASS">
          <params>
            <param index="0">
              <value>
                <![CDATA[hello ]]>
              </value>
            </param>
            <param index="1">
              <value>
                <![CDATA[pankaj]]>
              </value>
            </param>
            <param index="2">
              <value>
                <![CDATA[1]]>
              </value>
            </param>
          </params>
          <reporter-output>
          </reporter-output>
        </test-method> <!-- testCaseData -->
        <test-method signature="testCaseData(java.lang.String,java.lang.String,java.lang.String)[pri:0, instance:dataProvide@72c8e7b]" started-at="2023-11-11T18:01:34 IST" name="testCaseData" data-provider="getData" finished-at="2023-11-11T18:01:34 IST" duration-ms="6" status="PASS">
          <params>
            <param index="0">
              <value>
                <![CDATA[hello ]]>
              </value>
            </param>
            <param index="1">
              <value>
                <![CDATA[suraj]]>
              </value>
            </param>
            <param index="2">
              <value>
                <![CDATA[2]]>
              </value>
            </param>
          </params>
          <reporter-output>
          </reporter-output>
        </test-method> <!-- testCaseData -->
      </class> <!-- dataProvide -->
    </test> <!-- Default test -->
  </suite> <!-- Default suite -->
</testng-results>
